TN:
SF:src/Bounty.sol
DA:29,21
FN:29,Bounty.initialize
FNDA:21,Bounty.initialize
DA:34,21
DA:35,21
DA:36,21
DA:37,21
DA:40,2002
FN:40,Bounty.setBountyAmount
FNDA:2002,Bounty.setBountyAmount
DA:41,2001
DA:42,2001
DA:45,1006
FN:45,Bounty.setContributor
FNDA:1006,Bounty.setContributor
DA:46,1005
BRDA:46,0,0,1
BRDA:46,0,1,1004
DA:47,1004
DA:50,3005
FN:50,Bounty.addProposalBounty
FNDA:3005,Bounty.addProposalBounty
DA:51,3005
BRDA:51,1,0,1
BRDA:51,1,1,3004
DA:52,3004
BRDA:52,2,0,1
BRDA:52,2,1,3003
DA:58,3003
DA:59,3003
DA:61,3003
DA:64,2007
FN:64,Bounty.addContributorBounty
FNDA:2007,Bounty.addContributorBounty
DA:65,2007
BRDA:65,3,0,1
BRDA:65,3,1,2006
DA:66,2006
BRDA:66,4,0,1
BRDA:66,4,1,2005
DA:68,2005
DA:69,2005
DA:71,2005
DA:73,2005
DA:76,1002
FN:76,Bounty.claimProposalBounty
FNDA:1002,Bounty.claimProposalBounty
DA:77,1002
DA:79,1002
BRDA:79,5,0,1
BRDA:79,5,1,1001
DA:81,1001
DA:82,1001
DA:84,1001
DA:87,3
FN:87,Bounty.claimContributorBounty
FNDA:3,Bounty.claimContributorBounty
DA:88,3
DA:89,3
BRDA:89,6,0,1
BRDA:89,6,1,2
DA:91,2
DA:92,2
DA:93,2
DA:95,2
DA:98,2000
FN:98,Bounty.claimableProposalAmount
FNDA:2000,Bounty.claimableProposalAmount
DA:99,3002
DA:100,3002
DA:101,3002
DA:102,9001
DA:104,9001
BRDA:104,7,0,6001
DA:105,6001
DA:108,3002
DA:111,2000
FN:111,Bounty.claimableContributorAmount
FNDA:2000,Bounty.claimableContributorAmount
DA:112,2003
DA:113,2003
DA:114,2003
DA:115,2003
DA:118,2
FN:118,Bounty.recoverERC20
FNDA:2,Bounty.recoverERC20
DA:119,1
FNF:10
FNH:10
LF:52
LH:52
BRF:15
BRH:15
end_of_record
TN:
SF:src/Campaigns.sol
DA:69,4
FN:69,Campaigns.initialize
FNDA:4,Campaigns.initialize
DA:70,4
DA:71,4
DA:72,4
DA:75,4
FN:75,Campaigns.createCampaign
FNDA:4,Campaigns.createCampaign
DA:77,4
BRDA:77,0,0,-
BRDA:77,0,1,4
DA:78,4
BRDA:78,1,0,-
BRDA:78,1,1,4
DA:79,4
BRDA:79,2,0,-
BRDA:79,2,1,4
DA:84,4
DA:85,4
DA:87,4
BRDA:87,3,0,3
BRDA:87,3,1,1
DA:88,3
DA:89,1
BRDA:89,4,0,1
DA:90,1
DA:97,4
DA:112,4
FN:112,Campaigns.addCampWinners
FNDA:4,Campaigns.addCampWinners
DA:118,4
BRDA:118,5,0,-
BRDA:118,5,1,4
DA:120,4
DA:121,4
BRDA:121,6,0,4
BRDA:121,6,1,-
DA:122,4
BRDA:122,7,0,-
BRDA:122,7,1,4
DA:123,4
DA:124,4
DA:127,0
BRDA:127,8,0,-
BRDA:127,8,1,-
DA:128,0
DA:129,0
DA:133,4
DA:136,3
FN:136,Campaigns.claimCampaign
FNDA:3,Campaigns.claimCampaign
DA:142,3
DA:143,3
BRDA:143,9,0,-
BRDA:143,9,1,3
DA:144,3
BRDA:144,10,0,-
BRDA:144,10,1,3
DA:145,3
BRDA:145,11,0,-
BRDA:145,11,1,3
DA:150,3
BRDA:150,12,0,1
BRDA:150,12,1,2
DA:155,2
BRDA:155,13,0,2
BRDA:155,13,1,-
DA:156,2
BRDA:156,14,0,1
BRDA:156,14,1,1
DA:157,1
BRDA:157,15,0,-
BRDA:157,15,1,1
DA:159,1
DA:160,1
DA:161,1
BRDA:161,16,0,1
DA:162,1
DA:163,1
DA:166,1
BRDA:166,17,0,-
BRDA:166,17,1,1
DA:167,1
DA:168,1
DA:170,0
BRDA:170,18,0,-
BRDA:170,18,1,-
DA:172,0
DA:173,0
DA:174,0
BRDA:174,19,0,-
DA:175,0
DA:176,0
DA:179,0
BRDA:179,20,0,-
BRDA:179,20,1,-
DA:180,0
DA:183,1
BRDA:183,21,0,1
BRDA:183,21,1,-
DA:184,1
DA:191,0
BRDA:191,22,0,-
BRDA:191,22,1,-
DA:192,0
DA:193,0
BRDA:193,23,0,-
DA:194,0
DA:197,1
DA:199,1
DA:202,0
FN:202,Campaigns.verify
FNDA:0,Campaigns.verify
DA:207,2
DA:208,2
DA:211,2
FN:211,Campaigns.getEthSignedMessageHash
FNDA:2,Campaigns.getEthSignedMessageHash
DA:212,2
DA:213,2
DA:215,2
DA:216,2
DA:224,2
FN:224,Campaigns.recoverSigner
FNDA:2,Campaigns.recoverSigner
DA:228,2
DA:230,2
DA:233,2
FN:233,Campaigns.splitSignature
FNDA:2,Campaigns.splitSignature
DA:236,2
BRDA:236,24,0,-
BRDA:236,24,1,2
DA:239,2
DA:241,2
DA:243,2
DA:247,2
BRDA:247,25,0,-
DA:248,0
DA:251,2
BRDA:251,26,0,-
BRDA:251,26,1,2
DA:254,0
FN:254,Campaigns.recoverERC20
FNDA:0,Campaigns.recoverERC20
DA:255,0
DA:258,0
FN:258,Campaigns.getStatus
FNDA:0,Campaigns.getStatus
DA:259,0
BRDA:259,27,0,-
BRDA:259,27,1,-
DA:260,0
DA:261,0
BRDA:261,28,0,-
DA:262,0
DA:264,0
DA:267,0
FN:267,Campaigns.isWinner
FNDA:0,Campaigns.isWinner
DA:268,0
DA:269,0
BRDA:269,29,0,-
DA:270,0
DA:273,0
DA:276,3
FN:276,Campaigns.onERC1155Received
FNDA:3,Campaigns.onERC1155Received
DA:283,3
FNF:12
FNH:8
LF:93
LH:63
BRF:53
BRH:23
end_of_record
TN:
SF:src/ContractFactory.sol
DA:9,4
FN:9,ContractFactory.onlyOwner
FNDA:4,ContractFactory.onlyOwner
DA:10,4
BRDA:10,0,0,-
BRDA:10,0,1,-
DA:14,3
FN:14,ContractFactory.constructor
FNDA:3,ContractFactory.constructor
DA:15,3
DA:19,4
FN:19,ContractFactory.deploy
FNDA:4,ContractFactory.deploy
DA:24,3
DA:28,3
BRDA:28,1,0,1
BRDA:28,1,1,2
DA:31,2
DA:34,0
FN:34,ContractFactory.transferOwnership
FNDA:0,ContractFactory.transferOwnership
DA:35,0
FNF:4
FNH:3
LF:10
LH:8
BRF:4
BRH:2
end_of_record
TN:
SF:src/DAOFactory.sol
DA:61,29
FN:61,DAOFactory.setImplementation
FNDA:29,DAOFactory.setImplementation
DA:66,28
DA:67,28
DA:68,28
DA:71,14
FN:71,DAOFactory.createDao
FNDA:14,DAOFactory.createDao
DA:81,14
BRDA:81,0,0,1
BRDA:81,0,1,13
DA:82,13
BRDA:82,1,0,-
BRDA:82,1,1,13
DA:83,13
BRDA:83,2,0,1
BRDA:83,2,1,12
DA:84,12
BRDA:84,3,0,1
BRDA:84,3,1,11
DA:86,11
DA:87,11
BRDA:87,4,0,-
BRDA:87,4,1,11
DA:90,11
BRDA:90,5,0,1
BRDA:90,5,1,10
DA:91,10
DA:92,10
DA:95,10
BRDA:95,6,0,1
BRDA:95,6,1,9
DA:96,9
DA:97,9
DA:100,9
BRDA:100,7,0,1
BRDA:100,7,1,8
DA:102,8
BRDA:102,8,0,1
BRDA:102,8,1,7
DA:103,7
DA:104,7
DA:114,7
DA:115,7
DA:118,7
DA:132,7
DA:133,7
DA:134,7
DA:135,7
DA:137,7
DA:149,7
DA:152,7
FN:152,DAOFactory.getDAO
FNDA:7,DAOFactory.getDAO
DA:153,7
BRDA:153,9,0,1
BRDA:153,9,1,6
DA:154,6
DA:157,2
FN:157,DAOFactory.isDaoExists
FNDA:2,DAOFactory.isDaoExists
DA:158,2
DA:161,2
FN:161,DAOFactory.deploy
FNDA:2,DAOFactory.deploy
DA:165,2
DA:167,2
BRDA:167,10,0,1
BRDA:167,10,1,1
DA:168,1
DA:171,2
FN:171,DAOFactory.updateDAOSocialConfig
FNDA:2,DAOFactory.updateDAOSocialConfig
DA:172,2
BRDA:172,11,0,1
BRDA:172,11,1,1
DA:174,1
DA:176,1
FNF:6
FNH:6
LF:43
LH:43
BRF:24
BRH:22
end_of_record
TN:
SF:src/Governance/COMMUNITYDAO_GOVERNOR.sol
DA:19,0
FN:19,COMMUNITYDAO_GOVERNOR.constructor
FNDA:0,COMMUNITYDAO_GOVERNOR.constructor
DA:28,0
DA:33,0
FN:33,COMMUNITYDAO_GOVERNOR.votingDelay
FNDA:0,COMMUNITYDAO_GOVERNOR.votingDelay
DA:34,0
DA:37,0
FN:37,COMMUNITYDAO_GOVERNOR.votingPeriod
FNDA:0,COMMUNITYDAO_GOVERNOR.votingPeriod
DA:38,0
DA:41,0
FN:41,COMMUNITYDAO_GOVERNOR.quorum
FNDA:0,COMMUNITYDAO_GOVERNOR.quorum
DA:44,0
DA:47,0
FN:47,COMMUNITYDAO_GOVERNOR.state
FNDA:0,COMMUNITYDAO_GOVERNOR.state
DA:48,0
DA:51,0
FN:51,COMMUNITYDAO_GOVERNOR.proposalNeedsQueuing
FNDA:0,COMMUNITYDAO_GOVERNOR.proposalNeedsQueuing
DA:54,0
DA:57,0
FN:57,COMMUNITYDAO_GOVERNOR.proposalThreshold
FNDA:0,COMMUNITYDAO_GOVERNOR.proposalThreshold
DA:63,0
DA:66,0
FN:66,COMMUNITYDAO_GOVERNOR._queueOperations
FNDA:0,COMMUNITYDAO_GOVERNOR._queueOperations
DA:73,0
DA:76,0
FN:76,COMMUNITYDAO_GOVERNOR._executeOperations
FNDA:0,COMMUNITYDAO_GOVERNOR._executeOperations
DA:83,0
DA:86,0
FN:86,COMMUNITYDAO_GOVERNOR._cancel
FNDA:0,COMMUNITYDAO_GOVERNOR._cancel
DA:92,0
DA:95,0
FN:95,COMMUNITYDAO_GOVERNOR._executor
FNDA:0,COMMUNITYDAO_GOVERNOR._executor
DA:96,0
DA:99,0
FN:99,COMMUNITYDAO_GOVERNOR.supportsInterface
FNDA:0,COMMUNITYDAO_GOVERNOR.supportsInterface
DA:102,0
FNF:12
FNH:0
LF:24
LH:0
BRF:0
BRH:0
end_of_record
TN:
SF:src/Governance/GovernorAlpha.sol
DA:123,53
FN:123,GovernorAlpha.initialize
FNDA:53,GovernorAlpha.initialize
DA:132,53
BRDA:132,0,0,-
BRDA:132,0,1,53
DA:133,53
DA:135,53
DA:136,53
DA:137,53
DA:138,53
DA:139,53
DA:140,53
DA:141,53
DA:142,53
DA:143,53
DA:146,28
FN:146,GovernorAlpha.propose
FNDA:28,GovernorAlpha.propose
DA:153,28
BRDA:153,1,0,1
BRDA:153,1,1,27
DA:157,27
BRDA:157,2,0,1
BRDA:157,2,1,26
DA:163,26
BRDA:163,3,0,1
BRDA:163,3,1,25
DA:164,25
BRDA:164,4,0,1
BRDA:164,4,1,24
DA:169,24
DA:170,24
BRDA:170,5,0,2
DA:171,2
DA:172,2
BRDA:172,6,0,1
BRDA:172,6,1,1
DA:176,1
BRDA:176,7,0,1
BRDA:176,7,1,-
DA:182,22
DA:183,22
DA:185,22
DA:186,22
DA:187,22
DA:189,22
BRDA:189,8,0,-
BRDA:189,8,1,22
DA:190,22
DA:191,22
DA:192,22
DA:193,22
DA:194,22
DA:195,22
DA:196,22
DA:197,22
DA:198,22
DA:199,22
DA:200,22
DA:201,22
DA:202,22
DA:203,22
DA:205,22
DA:207,22
DA:218,22
DA:221,4
FN:221,GovernorAlpha.batchQueue
FNDA:4,GovernorAlpha.batchQueue
DA:222,4
DA:223,6
BRDA:223,9,0,2
BRDA:223,9,1,4
DA:227,4
DA:228,4
DA:229,4
DA:230,4
DA:238,4
DA:239,4
DA:243,6
FN:243,GovernorAlpha.queue
FNDA:6,GovernorAlpha.queue
DA:244,6
BRDA:244,10,0,2
BRDA:244,10,1,4
DA:248,4
DA:249,4
DA:250,4
DA:251,4
DA:259,4
DA:260,4
DA:263,8
FN:263,GovernorAlpha._queueOrRevert
FNDA:8,GovernorAlpha._queueOrRevert
DA:270,8
BRDA:270,11,0,-
BRDA:270,11Wrote LCOV report.
9,2
FN:279,GovernorAlpha.batchExecute
FNDA:2,GovernorAlpha.batchExecute
DA:280,2
DA:281,3
BRDA:281,12,0,1
BRDA:281,12,1,2
DA:285,2
DA:286,2
DA:287,2
DA:288,2
DA:296,2
DA:300,4
FN:300,GovernorAlpha.execute
FNDA:4,GovernorAlpha.execute
DA:301,4
BRDA:301,13,0,1
BRDA:301,13,1,3
DA:305,3
DA:306,3
DA:307,3
DA:308,3
DA:316,3
DA:319,3
FN:319,GovernorAlpha.cancel
FNDA:3,GovernorAlpha.cancel
DA:320,3
DA:321,3
BRDA:321,14,0,1
BRDA:321,14,1,2
DA:326,2
DA:327,2
BRDA:327,15,0,1
BRDA:327,15,1,1
DA:333,1
DA:334,1
DA:335,1
DA:344,1
DA:347,2
FN:347,GovernorAlpha.getActions
FNDA:2,GovernorAlpha.getActions
DA:359,2
DA:360,2
DA:363,1
FN:363,GovernorAlpha.getReceipt
FNDA:1,GovernorAlpha.getReceipt
DA:364,1
DA:367,19
FN:367,GovernorAlpha.state
FNDA:19,GovernorAlpha.state
DA:368,62
BRDA:368,16,0,-
BRDA:368,16,1,62
DA:372,62
DA:373,1
BRDA:373,17,0,1
BRDA:373,17,1,13
DA:374,1
DA:375,61
BRDA:375,18,0,7
BRDA:375,18,1,13
DA:376,7
DA:377,54
BRDA:377,19,0,22
BRDA:377,19,1,13
DA:378,22
DA:379,32
BRDA:379,20,0,2
BRDA:379,20,1,13
DA:380,2
DA:381,30
BRDA:381,21,0,11
BRDA:381,21,1,13
DA:382,11
DA:383,6
BRDA:383,22,0,6
BRDA:383,22,1,13
DA:384,6
DA:385,13
BRDA:385,23,0,-
BRDA:385,23,1,13
DA:386,0
DA:388,13
DA:392,19
FN:392,GovernorAlpha.castVote
FNDA:19,GovernorAlpha.castVote
DA:393,19
DA:396,1
FN:396,GovernorAlpha.proposer
FNDA:1,GovernorAlpha.proposer
DA:397,1
DA:400,19
FN:400,GovernorAlpha._castVote
FNDA:19,GovernorAlpha._castVote
DA:401,19
BRDA:401,24,0,2
BRDA:401,24,1,17
DA:405,17
DA:406,17
DA:407,17
BRDA:407,25,0,1
BRDA:407,25,1,16
DA:408,16
DA:410,14
BRDA:410,26,0,14
BRDA:410,26,1,2
DA:411,14
DA:413,2
DA:416,16
DA:417,16
DA:418,16
DA:420,16
DA:423,3000
FN:423,GovernorAlpha.updateGovernanceParameters
FNDA:3000,GovernorAlpha.updateGovernanceParameters
DA:428,3000
BRDA:428,27,0,1000
BRDA:428,27,1,2000
DA:433,2000
DA:434,2000
DA:435,2000
DA:446,0
FN:446,GovernorAlpha.updateSocialConfig
FNDA:0,GovernorAlpha.updateSocialConfig
DA:453,0
DA:454,0
DA:455,0
DA:456,0
DA:457,0
DA:459,0
DA:462,0
FN:462,GovernorAlpha.getSocialConfig
FNDA:0,GovernorAlpha.getSocialConfig
DA:463,0
DA:466,23
FN:466,GovernorAlpha._acceptAdmin
FNDA:23,GovernorAlpha._acceptAdmin
DA:467,23
BRDA:467,28,0,8
BRDA:467,28,1,15
DA:471,15
DA:474,2
FN:474,GovernorAlpha._abdicate
FNDA:2,GovernorAlpha._abdicate
DA:475,2
BRDA:475,29,0,1
BRDA:475,29,1,1
DA:476,1
DA:479,1
FN:479,GovernorAlpha._queueSetTimelockPendingAdmin
FNDA:1,GovernorAlpha._queueSetTimelockPendingAdmin
DA:480,1
BRDA:480,30,0,1
BRDA:480,30,1,-
DA:484,0
DA:493,1
FN:493,GovernorAlpha._executeSetTimelockPendingAdmin
FNDA:1,GovernorAlpha._executeSetTimelockPendingAdmin
DA:494,1
BRDA:494,31,0,1
BRDA:494,31,1,-
DA:498,0
DA:507,81
FN:507,GovernorAlpha.add256
FNDA:81,GovernorAlpha.add256
DA:508,81
DA:509,81
BRDA:509,32,0,-
BRDA:509,32,1,81
DA:510,81
DA:513,29
FN:513,GovernorAlpha.sub256
FNDA:29,GovernorAlpha.sub256
DA:514,29
BRDA:514,33,0,-
BRDA:514,33,1,29
DA:515,29
DA:518,0
FN:518,GovernorAlpha.getChainId
FNDA:0,GovernorAlpha.getChainId
DA:519,0
DA:521,0
DA:523,0
FNF:24
FNH:21
LF:166
LH:150
BRF:67
BRH:57
end_of_record
TN:
SF:src/Governance/PCE.sol
DA:9,42
FN:9,PCE.initialize
FNDA:42,PCE.initialize
DA:10,42
DA:11,42
DA:14,75
FN:14,PCE.mint
FNDA:75,PCE.mint
DA:15,75
FNF:2
FNH:2
LF:5
LH:5
BRF:0
BRH:0
end_of_record
TN:
SF:src/Governance/PEACECOINDAO_GOVERNOR.sol
DA:143,11
FN:143,PEACECOINDAO_GOVERNOR.initialize
FNDA:11,PEACECOINDAO_GOVERNOR.initialize
DA:154,11
BRDA:154,0,0,-
BRDA:154,0,1,11
DA:155,11
DA:157,11
DA:158,11
DA:159,11
DA:160,11
DA:161,11
DA:162,11
DA:163,11
DA:164,11
DA:165,11
DA:166,11
DA:169,12
FN:169,PEACECOINDAO_GOVERNOR.propose
FNDA:12,PEACECOINDAO_GOVERNOR.propose
DA:176,12
BRDA:176,1,0,2
BRDA:176,1,1,10
DA:182,10
BRDA:182,2,0,2
BRDA:182,2,1,8
DA:188,8
BRDA:188,3,0,2
BRDA:188,3,1,6
DA:189,6
BRDA:189,4,0,2
BRDA:189,4,1,4
DA:191,4
DA:192,4
BRDA:192,5,0,2
DA:193,2
DA:194,2
BRDA:194,6,0,-
BRDA:194,6,1,2
DA:198,2
BRDA:198,7,0,2
BRDA:198,7,1,-
DA:204,2
DA:205,2
DA:207,2
DA:208,2
DA:209,2
DA:211,2
BRDA:211,8,0,-
BRDA:211,8,1,2
DA:212,2
DA:213,2
DA:214,2
DA:215,2
DA:216,2
DA:217,2
DA:218,2
DA:219,2
DA:220,2
DA:221,2
DA:222,2
DA:223,2
DA:224,2
DA:225,2
DA:227,2
DA:229,2
DA:240,2
DA:243,0
FN:243,PEACECOINDAO_GOVERNOR.batchQueue
FNDA:0,PEACECOINDAO_GOVERNOR.batchQueue
DA:244,0
DA:245,0
BRDA:245,9,0,-
BRDA:245,9,1,-
DA:249,0
DA:250,0
DA:251,0
DA:252,0
DA:260,0
DA:261,0
DA:265,0
FN:265,PEACECOINDAO_GOVERNOR.queue
FNDA:0,PEACECOINDAO_GOVERNOR.queue
DA:266,0
BRDA:266,10,0,-
BRDA:266,10,1,-
DA:270,0
DA:271,0
DA:272,0
DA:273,0
DA:281,0
DA:282,0
DA:285,0
FN:285,PEACECOINDAO_GOVERNOR._queueOrRevert
FNDA:0,PEACECOINDAO_GOVERNOR._queueOrRevert
DA:292,0
BRDA:292,11,0,-
BRDA:292,11,1,-
DA:298,0
DA:301,0
FN:301,PEACECOINDAO_GOVERNOR.batchExecute
FNDA:0,PEACECOINDAO_GOVERNOR.batchExecute
DA:302,0
DA:303,0
BRDA:303,12,0,-
BRDA:303,12,1,-
DA:307,0
DA:308,0
DA:309,0
DA:310,0
DA:318,0
DA:322,0
FN:322,PEACECOINDAO_GOVERNOR.execute
FNDA:0,PEACECOINDAO_GOVERNOR.execute
DA:323,0
BRDA:323,13,0,-
BRDA:323,13,1,-
DA:327,0
DA:328,0
DA:329,0
DA:330,0
DA:338,0
DA:341,2
FN:341,PEACECOINDAO_GOVERNOR.cancel
FNDA:2,PEACECOINDAO_GOVERNOR.cancel
DA:342,2
DA:343,2
BRDA:343,14,0,-
BRDA:343,14,1,2
DA:348,2
DA:349,2
BRDA:349,15,0,1
BRDA:349,15,1,1
DA:357,1
DA:358,1
DA:359,1
DA:368,1
DA:371,0
FN:371,PEACECOINDAO_GOVERNOR.getActions
FNDA:0,PEACECOINDAO_GOVERNOR.getActions
DA:383,0
DA:384,0
DA:387,0
FN:387,PEACECOINDAO_GOVERNOR.getReceipt
FNDA:0,PEACECOINDAO_GOVERNOR.getReceipt
DA:388,0
DA:391,1
FN:391,PEACECOINDAO_GOVERNOR.state
FNDA:1,PEACECOINDAO_GOVERNOR.state
DA:392,5
BRDA:392,16,0,-
BRDA:392,16,1,5
DA:396,5
DA:397,1
BRDA:397,17,0,1
BRDA:397,17,1,-
DA:398,1
DA:399,4
BRDA:399,18,0,4
BRDA:399,18,1,-
DA:400,4
DA:401,0
BRDA:401,19,0,-
BRDA:401,19,1,-
DA:402,0
DA:403,0
BRDA:403,20,0,-
BRDA:403,20,1,-
DA:404,0
DA:405,0
BRDA:405,21,0,-
BRDA:405,21,1,-
DA:406,0
DA:407,0
BRDA:407,22,0,-
BRDA:407,22,1,-
DA:408,0
DA:409,0
BRDA:409,23,0,-
BRDA:409,23,1,-
DA:410,0
DA:412,0
DA:416,0
FN:416,PEACECOINDAO_GOVERNOR.castVote
FNDA:0,PEACECOINDAO_GOVERNOR.castVote
DA:417,0
DA:420,0
FN:420,PEACECOINDAO_GOVERNOR.proposer
FNDA:0,PEACECOINDAO_GOVERNOR.proposer
DA:421,0
DA:424,0
FN:424,PEACECOINDAO_GOVERNOR._castVote
FNDA:0,PEACECOINDAO_GOVERNOR._castVote
DA:425,0
BRDA:425,24,0,-
BRDA:425,24,1,-
DA:426,0
DA:427,0
DA:428,0
BRDA:428,25,0,-
BRDA:428,25,1,-
DA:429,0
DA:430,0
DA:432,0
BRDA:432,26,0,-
BRDA:432,26,1,-
DA:433,0
DA:435,0
DA:438,0
DA:439,0
DA:440,0
DA:442,0
DA:445,0
FN:445,PEACECOINDAO_GOVERNOR.updateGovernanceParameters
FNDA:0,PEACECOINDAO_GOVERNOR.updateGovernanceParameters
DA:450,0
BRDA:450,27,0,-
BRDA:450,27,1,-
DA:455,0
DA:456,0
DA:457,0
DA:459,0
DA:460,0
DA:461,0
DA:464,0
FN:464,PEACECOINDAO_GOVERNOR.updateSocialConfig
FNDA:0,PEACECOINDAO_GOVERNOR.updateSocialConfig
DA:471,0
DA:472,0
DA:473,0
DA:474,0
DA:475,0
DA:477,0
DA:480,0
FN:480,PEACECOINDAO_GOVERNOR.getSocialConfig
FNDA:0,PEACECOINDAO_GOVERNOR.getSocialConfig
DA:481,0
DA:484,4
FN:484,PEACECOINDAO_GOVERNOR._acceptAdmin
FNDA:4,PEACECOINDAO_GOVERNOR._acceptAdmin
DA:485,4
BRDA:485,28,0,2
BRDA:485,28,1,2
DA:486,2
DA:489,2
FN:489,PEACECOINDAO_GOVERNOR._abdicate
FNDA:2,PEACECOINDAO_GOVERNOR._abdicate
DA:490,2
BRDA:490,29,0,1
BRDA:490,29,1,1
DA:491,1
DA:494,0
FN:494,PEACECOINDAO_GOVERNOR._queueSetTimelockPendingAdmin
FNDA:0,PEACECOINDAO_GOVERNOR._queueSetTimelockPendingAdmin
DA:495,0
BRDA:495,30,0,-
BRDA:495,30,1,-
DA:499,0
DA:508,0
FN:508,PEACECOINDAO_GOVERNOR._executeSetTimelockPendingAdmin
FNDA:0,PEACECOINDAO_GOVERNOR._executeSetTimelockPendingAdmin
DA:509,0
BRDA:509,31,0,-
BRDA:509,31,1,-
DA:513,0
DA:522,4
FN:522,PEACECOINDAO_GOVERNOR.add256
FNDA:4,PEACECOINDAO_GOVERNOR.add256
DA:523,4
DA:524,4
BRDA:524,32,0,-
BRDA:524,32,1,4
DA:525,4
DA:528,26
FN:528,PEACECOINDAO_GOVERNOR.sub256
FNDA:26,PEACECOINDAO_GOVERNOR.sub256
DA:529,26
BRDA:529,33,0,-
BRDA:529,33,1,26
DA:530,26
DA:533,0
FN:533,PEACECOINDAO_GOVERNOR.getChainId
FNDA:0,PEACECOINDAO_GOVERNOR.getChainId
DA:534,0
DA:536,0
DA:538,0
FNF:24
FNH:8
LF:171
LH:75
BRF:67
BRH:25
end_of_record
TN:
SF:src/Governance/PEACECOINDAO_NFT.sol
DA:24,4
FN:24,PEACECOINDAO_NFT.initialize
FNDA:4,PEACECOINDAO_NFT.initialize
DA:29,4
DA:30,4
DA:31,4
DA:32,4
DA:33,4
DA:34,4
DA:53,0
FN:53,PEACECOINDAO_NFT.uri
FNDA:0,PEACECOINDAO_NFT.uri
DA:54,0
DA:58,0
FN:58,PEACECOINDAO_NFT.setTokenURI
FNDA:0,PEACECOINDAO_NFT.setTokenURI
DA:60,0
BRDA:60,0,0,-
BRDA:60,0,1,-
DA:62,0
DA:63,0
DA:64,0
DA:66,0
BRDA:66,1,0,-
DA:67,0
DA:70,0
DA:73,3
FN:73,PEACECOINDAO_NFT.mint
FNDA:3,PEACECOINDAO_NFT.mint
DA:75,3
BRDA:75,2,0,-
BRDA:75,2,1,3
DA:77,3
DA:78,3
DA:80,3
DA:81,3
BRDA:81,3,0,-
DA:82,0
DA:83,0
DA:87,0
FN:87,PEACECOINDAO_NFT.revoke
FNDA:0,PEACECOINDAO_NFT.revoke
DA:88,0
DA:89,0
DA:92,4
FN:92,PEACECOINDAO_NFT.setMinter
FNDA:4,PEACECOINDAO_NFT.setMinter
DA:93,4
DA:96,0
FN:96,PEACECOINDAO_NFT.burn
FNDA:0,PEACECOINDAO_NFT.burn
DA:97,0
BRDA:97,4,0,-
BRDA:97,4,1,-
DA:99,0
DA:100,0
DA:102,0
DA:103,0
BRDA:103,5,0,-
DA:104,0
DA:105,0
DA:110,0
FN:110,PEACECOINDAO_NFT.delegate
FNDA:0,PEACECOINDAO_NFT.delegate
DA:111,0
DA:112,0
BRDA:112,6,0,-
BRDA:112,6,1,-
DA:114,0
DA:116,0
DA:118,0
BRDA:118,7,0,-
DA:119,0
BRDA:119,8,0,-
DA:120,0
DA:124,0
FN:124,PEACECOINDAO_NFT._calculateTotalVotes
FNDA:0,PEACECOINDAO_NFT._calculateTotalVotes
DA:125,0
DA:126,0
DA:128,0
DA:129,0
DA:130,0
DA:131,0
DA:133,0
BRDA:133,9,0,-
DA:134,0
DA:138,0
DA:141,0
FN:141,PEACECOINDAO_NFT.delegateOf
FNDA:0,PEACECOINDAO_NFT.delegateOf
DA:142,0
DA:146,0
FN:146,PEACECOINDAO_NFT.getVotes
FNDA:0,PEACECOINDAO_NFT.getVotes
DA:147,0
DA:150,0
FN:150,PEACECOINDAO_NFT.getPastVotes
FNDA:0,PEACECOINDAO_NFT.getPastVotes
DA:152,0
BRDA:152,10,0,-
BRDA:152,10,1,-
DA:153,0
DA:156,0
FN:156,PEACECOINDAO_NFT.getAllTokenIds
FNDA:0,PEACECOINDAO_NFT.getAllTokenIds
DA:157,0
DA:158,0
DA:159,0
DA:160,0
DA:162,0
DA:165,0
FN:165,PEACECOINDAO_NFT.getAllTokenLength
FNDA:0,PEACECOINDAO_NFT.getAllTokenLength
DA:166,0
DA:170,0
FN:170,PEACECOINDAO_NFT._moveVotes
FNDA:0,PEACECOINDAO_NFT._moveVotes
DA:171,0
DA:173,0
DA:175,0
BRDA:175,12,0,-
DA:176,0
DA:177,0
DA:180,0
BRDA:180,13,0,-
DA:181,0
DA:182,0
FNF:15
FNH:3
LF:80
LH:15
BRF:18
BRH:1
end_of_record
TN:
SF:src/Governance/PEACECOINDAO_SBT.sol
DA:24,17
FN:24,PEACECOINDAO_SBT.initialize
FNDA:17,PEACECOINDAO_SBT.initialize
DA:29,17
DA:30,17
DA:31,17
DA:32,17
DA:33,17
DA:34,17
DA:53,0
FN:53,PEACECOINDAO_SBT.uri
FNDA:0,PEACECOINDAO_SBT.uri
DA:54,0
DA:58,90
FN:58,PEACECOINDAO_SBT.setTokenURI
FNDA:90,PEACECOINDAO_SBT.setTokenURI
DA:60,90
BRDA:60,0,0,-
BRDA:60,0,1,90
DA:62,90
DA:63,90
DA:64,90
DA:66,90
BRDA:66,1,0,77
DA:67,77
DA:70,90
DA:73,35
FN:73,PEACECOINDAO_SBT.mint
FNDA:35,PEACECOINDAO_SBT.mint
DA:75,35
BRDA:75,2,0,-
BRDA:75,2,1,35
DA:77,35
DA:78,35
DA:80,35
DA:81,35
BRDA:81,3,0,-
DA:82,0
DA:83,0
DA:87,0
FN:87,PEACECOINDAO_SBT.revoke
FNDA:0,PEACECOINDAO_SBT.revoke
DA:88,0
DA:89,0
DA:92,0
FN:92,PEACECOINDAO_SBT.setMinter
FNDA:0,PEACECOINDAO_SBT.setMinter
DA:93,0
DA:96,0
FN:96,PEACECOINDAO_SBT.burn
FNDA:0,PEACECOINDAO_SBT.burn
DA:97,0
BRDA:97,4,0,-
BRDA:97,4,1,-
DA:99,0
DA:100,0
DA:102,0
DA:103,0
BRDA:103,5,0,-
DA:104,0
DA:105,0
DA:110,35
FN:110,PEACECOINDAO_SBT.delegate
FNDA:35,PEACECOINDAO_SBT.delegate
DA:111,35
DA:112,35
BRDA:112,6,0,-
BRDA:112,6,1,35
DA:114,35
DA:116,35
DA:118,35
BRDA:118,7,0,35
DA:119,35
BRDA:119,8,0,-
DA:120,35
DA:124,35
FN:124,PEACECOINDAO_SBT._calculateTotalVotes
FNDA:35,PEACECOINDAO_SBT._calculateTotalVotes
DA:125,35
DA:126,35
DA:128,35
DA:129,266
DA:130,266
DA:131,266
DA:133,266
BRDA:133,9,0,35
DA:134,35
DA:138,35
DA:141,0
FN:141,PEACECOINDAO_SBT.delegateOf
FNDA:0,PEACECOINDAO_SBT.delegateOf
DA:142,0
DA:146,0
FN:146,PEACECOINDAO_SBT.getVotes
FNDA:0,PEACECOINDAO_SBT.getVotes
DA:147,0
DA:150,29
FN:150,PEACECOINDAO_SBT.getPastVotes
FNDA:29,PEACECOINDAO_SBT.getPastVotes
DA:152,29
BRDA:152,10,0,-
BRDA:152,10,1,29
DA:153,29
DA:156,0
FN:156,PEACECOINDAO_SBT.getAllTokenIds
FNDA:0,PEACECOINDAO_SBT.getAllTokenIds
DA:157,0
DA:158,0
DA:159,0
DA:160,0
DA:162,0
DA:165,0
FN:165,PEACECOINDAO_SBT.getAllTokenLength
FNDA:0,PEACECOINDAO_SBT.getAllTokenLength
DA:166,0
DA:170,35
FN:170,PEACECOINDAO_SBT._moveVotes
FNDA:35,PEACECOINDAO_SBT._moveVotes
DA:171,35
DA:173,35
DA:175,35
BRDA:175,12,0,-
DA:176,0
DA:177,0
DA:180,35
BRDA:180,13,0,35
DA:181,35
DA:182,35
DA:190,0
FN:190,PEACECOINDAO_SBT.safeTransferFrom
FNDA:0,PEACECOINDAO_SBT.safeTransferFrom
DA:197,0
DA:204,0
FN:204,PEACECOINDAO_SBT.safeBatchTransferFrom
FNDA:0,PEACECOINDAO_SBT.safeBatchTransferFrom
DA:211,0
FNF:17
FNH:7
LF:84
LH:49
BRF:18
BRH:8
end_of_record
TN:
SF:src/Governance/Timelock.sol
DA:47,70
FN:47,Timelock.initialize
FNDA:70,Timelock.initialize
DA:48,70
DA:49,70
DA:50,70
DA:52,70
BRDA:52,0,0,1
BRDA:52,0,1,69
DA:53,69
BRDA:53,1,0,1
BRDA:53,1,1,68
DA:58,68
DA:59,68
DA:62,4
FN:62,Timelock.updateVariables
FNDA:4,Timelock.updateVariables
DA:63,4
BRDA:63,2,0,1
BRDA:63,2,1,3
DA:67,3
BRDA:67,3,0,1
BRDA:67,3,1,2
DA:71,2
BRDA:71,4,0,1
BRDA:71,4,1,1
DA:75,1
DA:76,1
DA:77,1
DA:80,6
FN:80,Timelock.setDelay
FNDA:6,Timelock.setDelay
DA:81,6
BRDA:81,5,0,1
BRDA:81,5,1,5
DA:82,5
BRDA:82,6,0,1
BRDA:82,6,1,4
DA:83,4
BRDA:83,7,0,1
BRDA:83,7,1,3
DA:87,3
DA:89,3
DA:92,19
FN:92,Timelock.acceptAdmin
FNDA:19,Timelock.acceptAdmin
DA:93,19
BRDA:93,8,0,1
BRDA:93,8,1,18
DA:97,18
DA:98,18
DA:100,18
DA:103,25
FN:103,Timelock.setPendingAdmin
FNDA:25,Timelock.setPendingAdmin
DA:104,25
BRDA:104,9,0,2
BRDA:104,9,1,23
DA:105,2
BRDA:105,10,0,2
BRDA:105,10,1,19
DA:106,2
BRDA:106,11,0,2
BRDA:106,11,1,-
DA:111,21
BRDA:111,12,0,2
BRDA:111,12,1,19
DA:115,19
DA:117,19
DA:119,19
DA:122,16
FN:122,Timelock.queueTransaction
FNDA:16,Timelock.queueTransaction
DA:129,16
BRDA:129,13,0,1
BRDA:129,13,1,15
DA:130,15
BRDA:130,14,0,1
BRDA:130,14,1,14
DA:135,14
DA:136,14
DA:138,14
DA:139,14
DA:142,4
FN:142,Timelock.cancelTransaction
FNDA:4,Timelock.cancelTransaction
DA:149,4
BRDA:149,15,0,1
BRDA:149,15,1,3
DA:151,3
DA:152,3
DA:154,3
DA:157,12
FN:157,Timelock.executeTransaction
FNDA:12,Timelock.executeTransaction
DA:164,12
BRDA:164,16,0,1
BRDA:164,16,1,11
DA:166,11
DA:167,11
BRDA:167,17,0,1
BRDA:167,17,1,10
DA:171,10
BRDA:171,18,0,1
BRDA:171,18,1,9
DA:175,9
BRDA:175,19,0,1
BRDA:175,19,1,8
DA:180,8
DA:182,8
DA:184,8
BRDA:184,20,0,1
BRDA:184,20,1,7
DA:185,1
DA:187,7
DA:191,8
DA:192,8
BRDA:192,21,0,1
BRDA:192,21,1,7
DA:194,7
DA:196,7
DA:199,35
FN:199,Timelock.getBlockTimestamp
FNDA:35,Timelock.getBlockTimestamp
DA:201,35
FNF:9
FNH:9
LF:63
LH:63
BRF:44
BRH:43
end_of_record
TN:
SF:src/Governance/WPCE.sol
DA:12,2
FN:12,WPCE.onlyMinter
FNDA:2,WPCE.onlyMinter
DA:13,2
BRDA:13,0,0,-
BRDA:13,0,1,2
DA:17,1
FN:17,WPCE.initialize
FNDA:1,WPCE.initialize
DA:18,1
DA:19,1
DA:22,2
FN:22,WPCE.mint
FNDA:2,WPCE.mint
DA:23,2
DA:26,2
FN:26,WPCE.burn
FNDA:2,WPCE.burn
DA:27,2
DA:30,1
FN:30,WPCE.addMinter
FNDA:1,WPCE.addMinter
DA:31,1
DA:34,0
FN:34,WPCE.removeMinter
FNDA:0,WPCE.removeMinter
DA:35,0
FNF:6
FNH:5
LF:13
LH:11
BRF:2
BRH:1
end_of_record
TN:
SF:src/SBT.sol
DA:35,3
FN:35,SBT.constructor
FNDA:3,SBT.constructor
DA:40,3
DA:41,3
DA:42,3
DA:43,3
DA:45,3
DA:53,0
FN:53,SBT.uri
FNDA:0,SBT.uri
DA:54,0
DA:62,0
FN:62,SBT.setTokenURI
FNDA:0,SBT.setTokenURI
DA:63,0
BRDA:63,0,0,-
BRDA:63,0,1,-
DA:64,0
DA:65,0
DA:72,0
FN:72,SBT.setBaseURI
FNDA:0,SBT.setBaseURI
DA:73,0
DA:82,2
FN:82,SBT.mint
FNDA:2,SBT.mint
DA:84,2
BRDA:84,1,0,-
BRDA:84,1,1,2
DA:85,2
BRDA:85,2,0,-
BRDA:85,2,1,2
DA:87,2
DA:88,2
BRDA:88,3,0,-
BRDA:88,3,1,2
DA:89,0
DA:90,0
DA:92,2
DA:95,2
DA:96,2
DA:103,0
FN:103,SBT.setMinter
FNDA:0,SBT.setMinter
DA:104,0
BRDA:104,4,0,-
BRDA:104,4,1,-
DA:105,0
DA:106,0
DA:113,0
FN:113,SBT.removeMinter
FNDA:0,SBT.removeMinter
DA:114,0
BRDA:114,5,0,-
BRDA:114,5,1,-
DA:115,0
DA:116,0
DA:125,0
FN:125,SBT.burn
FNDA:0,SBT.burn
DA:126,0
BRDA:126,6,0,-
BRDA:126,6,1,-
DA:127,0
BRDA:127,7,0,-
BRDA:127,7,1,-
DA:128,0
BRDA:128,8,0,-
BRDA:128,8,1,-
DA:130,0
DA:131,0
DA:138,2
FN:138,SBT.safeTransferFrom
FNDA:2,SBT.safeTransferFrom
DA:145,2
DA:152,0
FN:152,SBT.safeBatchTransferFrom
FNDA:0,SBT.safeBatchTransferFrom
DA:159,0
DA:166,0
FN:166,SBT.getCurrentTokenId
FNDA:0,SBT.getCurrentTokenId
DA:167,0
DA:174,0
FN:174,SBT.name
FNDA:0,SBT.name
DA:175,0
DA:182,0
FN:182,SBT.symbol
FNDA:0,SBT.symbol
DA:183,0
FNF:13
FNH:3
LF:48
LH:16
BRF:18
BRH:3
end_of_record
TN:
SF:src/SBTERC721.sol
DA:11,3
FN:11,SBTERC721.constructor
FNDA:3,SBTERC721.constructor
DA:12,3
DA:15,2
FN:15,SBTERC721.mint
FNDA:2,SBTERC721.mint
DA:16,2
BRDA:16,0,0,-
BRDA:16,0,1,2
DA:17,2
DA:20,0
FN:20,SBTERC721.setMinter
FNDA:0,SBTERC721.setMinter
DA:21,0
DA:24,1
FN:24,SBTERC721.transferFrom
FNDA:1,SBTERC721.transferFrom
DA:25,2
FNF:4
FNH:3
LF:9
LH:7
BRF:2
BRH:1
end_of_record
TN:
SF:src/Staking.sol
DA:24,2
FN:24,Staking.updateRewardPool
FNDA:2,Staking.updateRewardPool
DA:25,2
BRDA:25,0,0,-
BRDA:25,0,1,-
DA:26,0
DA:28,2
DA:29,2
DA:30,2
DA:35,1
FN:35,Staking.initialize
FNDA:1,Staking.initialize
DA:36,1
DA:38,1
BRDA:38,1,0,-
BRDA:38,1,1,1
DA:39,1
BRDA:39,2,0,-
BRDA:39,2,1,1
DA:40,1
BRDA:40,3,0,-
BRDA:40,3,1,1
DA:42,1
DA:43,1
DA:45,1
DA:46,1
DA:49,2
FN:49,Staking.stake
FNDA:2,Staking.stake
DA:50,2
BRDA:50,4,0,-
BRDA:50,4,1,2
DA:53,2
DA:56,2
DA:58,2
DA:59,2
DA:61,2
DA:64,2
FN:64,Staking.withdraw
FNDA:2,Staking.withdraw
DA:65,2
BRDA:65,5,0,-
BRDA:65,5,1,2
DA:70,2
DA:71,2
BRDA:71,6,0,-
BRDA:71,6,1,2
DA:73,2
DA:75,2
DA:76,2
BRDA:76,7,0,-
BRDA:76,7,1,2
DA:80,2
DA:82,2
DA:85,0
FN:85,Staking.stakingReward
FNDA:0,Staking.stakingReward
DA:86,0
DA:89,2
FN:89,Staking.getStakedPeacecoin
FNDA:2,Staking.getStakedPeacecoin
DA:90,2
DA:91,2
DA:94,0
FN:94,Staking.setRewardPerBlock
FNDA:0,Staking.setRewardPerBlock
DA:95,0
DA:98,0
FN:98,Staking.revokeUnusedRewardPool
FNDA:0,Staking.revokeUnusedRewardPool
DA:99,0
DA:101,0
BRDA:101,8,0,-
BRDA:101,8,1,-
DA:103,0
DA:105,0
DA:106,0
DA:109,0
FN:109,Staking._convertToWpeacecoin
FNDA:0,Staking._convertToWpeacecoin
DA:110,2
DA:111,2
DA:112,2
DA:115,2
BRDA:115,9,0,2
DA:116,2
DA:119,0
DA:122,0
FN:122,Staking._convertToPeacecoin
FNDA:0,Staking._convertToPeacecoin
DA:123,4
DA:124,4
DA:125,4
DA:128,4
BRDA:128,10,0,-
DA:129,0
DA:132,4
DA:135,8
FN:135,Staking._calculateReward
FNDA:8,Staking._calculateReward
DA:136,8
DA:137,8
DA:140,8
BRDA:140,11,0,-
DA:141,0
DA:144,8
DA:146,8
BRDA:146,12,0,-
DA:147,0
DA:148,0
DA:150,8
DA:153,0
FN:153,Staking._calculateApr
FNDA:0,Staking._calculateApr
DA:154,0
DA:156,0
BRDA:156,13,0,-
DA:157,0
DA:159,0
DA:160,0
DA:161,0
DA:162,0
DA:163,0
DA:164,0
FNF:12
FNH:6
LF:78
LH:50
BRF:23
BRH:8
end_of_record
TN:
SF:test/ContractFactory.t.sol
DA:11,0
FN:11,Example.deployNewContract
FNDA:0,Example.deployNewContract
FNF:1
FNH:0
LF:1
LH:0
BRF:0
BRH:0
end_of_record
TN:
SF:test/DaoFactory.t.sol
DA:15,0
FN:15,Example.deployNewContract
FNDA:0,Example.deployNewContract
DA:20,2
FN:20,DaoFactoryDeployable.deployPublic
FNDA:2,DaoFactoryDeployable.deployPublic
DA:21,2
FNF:2
FNH:1
LF:3
LH:2
BRF:0
BRH:0
end_of_record
TN:
SF:test/Timelock.t.sol
DA:11,1
FN:11,PublicTimelock.getBlockTimestampPublic
FNDA:1,PublicTimelock.getBlockTimestampPublic
DA:12,1
FNF:1
FNH:1
LF:2
LH:2
BRF:0
BRH:0
end_of_record
