TN:
SF:src/Bounty.sol
DA:29,21
FN:29,Bounty.initialize
FNDA:21,Bounty.initialize
DA:34,21
DA:35,21
DA:36,21
DA:37,21
DA:40,513
FN:40,Bounty.setBountyAmount
FNDA:513,Bounty.setBountyAmount
DA:41,513
DA:42,513
DA:45,261
FN:45,Bounty.setContributor
FNDA:261,Bounty.setContributor
DA:46,261
BRDA:46,0,0,-
BRDA:46,0,1,-
DA:47,261
DA:50,773
FN:50,Bounty.addProposalBounty
FNDA:773,Bounty.addProposalBounty
DA:51,773
BRDA:51,1,0,-
BRDA:51,1,1,-
DA:52,772
BRDA:52,2,0,772
BRDA:52,2,1,-
DA:58,771
DA:59,771
DA:61,771
DA:64,519
FN:64,Bounty.addContributorBounty
FNDA:519,Bounty.addContributorBounty
DA:65,519
BRDA:65,3,0,-
BRDA:65,3,1,-
DA:66,518
BRDA:66,4,0,-
BRDA:66,4,1,-
DA:68,517
DA:69,517
DA:71,517
DA:73,517
DA:76,258
FN:76,Bounty.claimProposalBounty
FNDA:258,Bounty.claimProposalBounty
DA:77,258
DA:79,258
BRDA:79,5,0,-
BRDA:79,5,1,-
DA:81,257
DA:82,257
DA:84,257
DA:87,3
FN:87,Bounty.claimContributorBounty
FNDA:3,Bounty.claimContributorBounty
DA:88,3
DA:89,3
BRDA:89,6,0,-
BRDA:89,6,1,-
DA:91,2
DA:92,2
DA:93,2
DA:95,2
DA:98,770
FN:98,Bounty.claimableProposalAmount
FNDA:770,Bounty.claimableProposalAmount
DA:99,770
DA:100,770
DA:101,770
DA:102,2305
DA:104,2305
BRDA:104,7,0,1537
DA:105,1537
DA:108,770
DA:111,515
FN:111,Bounty.claimableContributorAmount
FNDA:515,Bounty.claimableContributorAmount
DA:112,515
DA:113,258
DA:114,515
DA:115,0
DA:118,1
FN:118,Bounty.recoverERC20
FNDA:1,Bounty.recoverERC20
DA:119,1
FNF:10
FNH:10
LF:52
LH:51
BRF:15
BRH:2
end_of_record
TN:
SF:src/Campaigns.sol
DA:59,4
FN:59,Campaigns.initialize
FNDA:4,Campaigns.initialize
DA:60,4
DA:61,4
DA:62,4
DA:65,4
FN:65,Campaigns.createCampaign
FNDA:4,Campaigns.createCampaign
DA:67,4
BRDA:67,0,0,-
BRDA:67,0,1,-
DA:68,4
BRDA:68,1,0,-
BRDA:68,1,1,-
DA:69,4
BRDA:69,2,0,-
BRDA:69,2,1,-
DA:71,4
DA:72,4
DA:74,4
DA:87,4
FN:87,Campaigns.addCampWinners
FNDA:4,Campaigns.addCampWinners
DA:93,4
BRDA:93,3,0,-
BRDA:93,3,1,-
DA:95,4
DA:96,4
BRDA:96,4,0,4
BRDA:96,4,1,-
DA:97,4
BRDA:97,5,0,-
BRDA:97,5,1,-
DA:98,4
DA:99,4
DA:102,0
BRDA:102,6,0,-
BRDA:102,6,1,-
DA:103,0
DA:104,0
DA:108,4
DA:111,4
FN:111,Campaigns.claimCampaign
FNDA:4,Campaigns.claimCampaign
DA:117,4
DA:118,4
BRDA:118,7,0,-
BRDA:118,7,1,-
DA:119,4
BRDA:119,8,0,-
BRDA:119,8,1,-
DA:121,4
BRDA:121,9,0,-
BRDA:121,9,1,-
DA:126,3
BRDA:126,10,0,3
BRDA:126,10,1,-
DA:127,3
BRDA:127,11,0,-
BRDA:127,11,1,-
DA:128,1
BRDA:128,12,0,-
BRDA:128,12,1,-
DA:130,1
DA:131,1
DA:132,1
BRDA:132,13,0,1
DA:133,1
DA:134,0
DA:137,1
BRDA:137,14,0,-
BRDA:137,14,1,-
DA:138,1
DA:139,1
DA:141,0
BRDA:141,15,0,-
BRDA:141,15,1,-
DA:143,0
DA:144,0
DA:145,0
BRDA:145,16,0,-
DA:146,0
DA:147,0
DA:150,0
BRDA:150,17,0,-
BRDA:150,17,1,-
DA:151,0
DA:154,1
BRDA:154,18,0,1
BRDA:154,18,1,-
DA:155,1
DA:156,1
DA:158,0
DA:159,0
DA:162,1
DA:165,3
FN:165,Campaigns.verify
FNDA:3,Campaigns.verify
DA:170,3
DA:171,3
DA:174,3
FN:174,Campaigns.getEthSignedMessageHash
FNDA:3,Campaigns.getEthSignedMessageHash
DA:175,3
DA:176,3
DA:178,3
DA:179,3
DA:187,3
FN:187,Campaigns.recoverSigner
FNDA:3,Campaigns.recoverSigner
DA:191,3
DA:193,3
DA:196,3
FN:196,Campaigns.splitSignature
FNDA:3,Campaigns.splitSignature
DA:199,3
BRDA:199,19,0,-
BRDA:199,19,1,-
DA:202,0
DA:204,0
DA:206,0
DA:210,3
BRDA:210,20,0,-
DA:211,0
DA:214,3
BRDA:214,21,0,3
BRDA:214,21,1,-
DA:217,0
FN:217,Campaigns.recoverERC20
FNDA:0,Campaigns.recoverERC20
DA:218,0
DA:221,0
FN:221,Campaigns.getStatus
FNDA:0,Campaigns.getStatus
DA:222,0
BRDA:222,22,0,-
BRDA:222,22,1,-
DA:223,0
DA:224,0
BRDA:224,23,0,-
DA:225,0
DA:227,0
DA:230,0
FN:230,Campaigns.isWinner
FNDA:0,Campaigns.isWinner
DA:231,0
DA:232,0
BRDA:232,24,0,-
DA:233,0
DA:236,0
FNF:11
FNH:8
LF:84
LH:53
BRF:45
BRH:5
end_of_record
TN:
SF:src/ContractFactory.sol
DA:9,4
FN:9,ContractFactory.onlyOwner
FNDA:4,ContractFactory.onlyOwner
DA:10,4
BRDA:10,0,0,-
BRDA:10,0,1,-
DA:14,3
FN:14,ContractFactory.constructor
FNDA:3,ContractFactory.constructor
DA:15,3
DA:19,3
FN:19,ContractFactory.deploy
FNDA:3,ContractFactory.deploy
DA:24,0
DA:28,3
BRDA:28,1,0,-
BRDA:28,1,1,-
DA:31,2
DA:34,0
FN:34,ContractFactory.transferOwnership
FNDA:0,ContractFactory.transferOwnership
DA:35,0
FNF:4
FNH:3
LF:10
LH:7
BRF:4
BRH:0
end_of_record
TN:
SF:src/DAOFactory.sol
DA:60,25
FN:60,DAOFactory.setImplementation
FNDA:25,DAOFactory.setImplementation
DA:65,25
DA:66,25
DA:67,25
DA:70,13
FN:70,DAOFactory.createDAO
FNDA:13,DAOFactory.createDAO
DA:80,13
BRDA:80,0,0,-
BRDA:80,0,1,-
DA:81,12
BRDA:81,1,0,12
BRDA:81,1,1,-
DA:85,11
BRDA:85,2,0,-
BRDA:85,2,1,-
DA:86,10
BRDA:86,3,0,-
BRDA:86,3,1,-
DA:88,9
DA:89,9
BRDA:89,4,0,-
BRDA:89,4,1,-
DA:92,9
BRDA:92,5,0,-
BRDA:92,5,1,-
DA:93,8
DA:94,8
DA:97,8
BRDA:97,6,0,-
BRDA:97,6,1,-
DA:98,7
DA:99,7
DA:102,7
BRDA:102,7,0,-
BRDA:102,7,1,-
DA:104,7
BRDA:104,8,0,-
BRDA:104,8,1,-
DA:105,5
DA:106,5
DA:116,5
DA:117,5
DA:120,5
DA:133,5
DA:134,5
DA:136,5
DA:150,0
DA:153,3
FN:153,DAOFactory.getDAO
FNDA:3,DAOFactory.getDAO
DA:154,3
BRDA:154,9,0,-
BRDA:154,9,1,-
DA:155,3
DA:158,2
FN:158,DAOFactory.isDaoExists
FNDA:2,DAOFactory.isDaoExists
DA:159,2
DA:162,2
FN:162,DAOFactory.deploy
FNDA:2,DAOFactory.deploy
DA:166,0
DA:168,2
BRDA:168,10,0,-
BRDA:168,10,1,-
DA:169,1
DA:172,2
FN:172,DAOFactory.updateDAOSocialConfig
FNDA:2,DAOFactory.updateDAOSocialConfig
DA:173,2
BRDA:173,11,0,-
BRDA:173,11,1,-
DA:175,1
DA:177,2
FNF:6
FNH:6
LF:41
LH:39
BRF:24
BRH:1
end_of_record
TN:
SF:src/Governance/COMMUNITYDAO_GOVERNOR.sol
DA:19,0
FN:19,COMMUNITYDAO_GOVERNOR.constructor
FNDA:0,COMMUNITYDAO_GOVERNOR.constructor
DA:28,0
DA:33,0
FN:33,COMMUNITYDAO_GOVERNOR.votingDelay
FNDA:0,COMMUNITYDAO_GOVERNOR.votingDelay
DA:34,0
DA:37,0
FN:37,COMMUNITYDAO_GOVERNOR.votingPeriod
FNDA:0,COMMUNITYDAO_GOVERNOR.votingPeriod
DA:38,0
DA:41,0
FN:41,COMMUNITYDAO_GOVERNOR.quorum
FNDA:0,COMMUNITYDAO_GOVERNOR.quorum
DA:44,0
DA:47,0
FN:47,COMMUNITYDAO_GOVERNOR.state
FNDA:0,COMMUNITYDAO_GOVERNOR.state
DA:48,0
DA:51,0
FN:51,COMMUNITYDAO_GOVERNOR.proposalNeedsQueuing
FNDA:0,COMMUNITYDAO_GOVERNOR.proposalNeedsQueuing
DA:54,0
DA:57,0
FN:57,COMMUNITYDAO_GOVERNOR.proposalThreshold
FNDA:0,COMMUNITYDAO_GOVERNOR.proposalThreshold
DA:63,0
DA:66,0
FN:66,COMMUNITYDAO_GOVERNOR._queueOperations
FNDA:0,COMMUNITYDAO_GOVERNOR._queueOperations
DA:73,0
DA:76,0
FN:76,COMMUNITYDAO_GOVERNOR._executeOperations
FNDA:0,COMMUNITYDAO_GOVERNOR._executeOperations
DA:83,0
DA:86,0
FN:86,COMMUNITYDAO_GOVERNOR._cancel
FNDA:0,COMMUNITYDAO_GOVERNOR._cancel
DA:92,0
DA:95,0
FN:95,COMMUNITYDAO_GOVERNOR._executor
FNDA:0,COMMUNITYDAO_GOVERNOR._executor
DA:96,0
DA:99,0
FN:99,COMMUNITYDAO_GOVERNOR.supportsInterface
FNDA:0,COMMUNITYDAO_GOVERNOR.supportsInterface
DA:102,0
FNF:12
FNH:0
LF:24
LH:0
BRF:0
BRH:0
end_of_record
TN:
SF:src/Governance/GovernorAlpha.sol
DA:113,51
FN:113,GovernorAlpha.initialize
FNDA:51,GovernorAlpha.initialize
DA:122,51
BRDA:122,0,0,-
BRDA:122,0,1,-
DA:123,51
DA:125,51
DA:126,51
DA:127,51
DA:128,51
DA:129,51
DA:130,51
DA:131,51
DA:132,51
DA:133,51
DA:136,28
FN:136,GovernorAlpha.propose
FNDA:28,GovernorAlpha.propose
DA:143,28
BRDA:143,1,0,28
BRDA:143,1,1,-
DA:147,27
BRDA:147,2,0,27
BRDA:147,2,1,27
DA:153,26
BRDA:153,3,0,-
BRDA:153,3,1,-
DA:154,25
BRDA:154,4,0,-
BRDA:154,4,1,-
DA:159,24
DA:160,24
BRDA:160,5,0,2
DA:161,2
DA:162,2
BRDA:162,6,0,-
BRDA:162,6,1,-
DA:166,2
BRDA:166,7,0,-
BRDA:166,7,1,-
DA:172,22
DA:173,22
DA:175,22
DA:176,22
DA:177,22
DA:179,22
BRDA:179,8,0,-
BRDA:179,8,1,-
DA:180,22
DA:181,22
DA:182,22
DA:183,22
DA:184,22
DA:185,22
DA:186,22
DA:187,22
DA:188,22
DA:189,22
DA:190,22
DA:191,22
DA:192,22
DA:193,22
DA:195,22
DA:197,22
DA:208,22
DA:211,4
FN:211,GovernorAlpha.batchQueue
FNDA:4,GovernorAlpha.batchQueue
DA:212,4
DA:213,6
BRDA:213,9,0,-
BRDA:213,9,1,-
DA:217,4
DA:218,4
DA:219,4
DA:220,4
DA:228,4
DA:229,4
DA:233,6
FN:233,GovernorAlpha.queue
FNDA:6,GovernorAlpha.queue
DA:234,6
BRDA:234,10,0,-
BRDA:234,10,1,-
DA:238,4
DA:239,4
DA:240,4
DA:241,4
DA:249,4
DA:250,4
DA:253,8
FN:253,GovernorAlpha._queueOrRevert
FNDA:8,GovernorAlpha._queueOrRevert
DA:260,8
BRDA:260,11,0,8
BRDA:260,11,1,-
DA:266,8
DA:269,2
FN:269,GovernorAlpha.batchExecute
FNDA:2,GovernorAlpha.batchExecute
DA:270,2
DA:271,3
BRDA:271,12,0,-
BRDA:271,12,1,-
DA:275,2
DA:276,2
DA:277,2
DA:278,2
DA:286,2
DA:290,4
FN:290,GovernorAlpha.execute
FNDA:4,GovernorAlpha.execute
DA:291,4
BRDA:291,13,0,-
BRDA:291,13,1,-
DA:295,3
DA:296,3
DA:297,3
DA:298,3
DWrote LCOV report.
:309,GovernorAlpha.cancel
FNDA:3,GovernorAlpha.cancel
DA:310,3
DA:311,3
BRDA:311,14,0,-
BRDA:311,14,1,-
DA:316,2
DA:317,2
BRDA:317,15,0,1
BRDA:317,15,1,-
DA:323,1
DA:324,1
DA:325,1
DA:334,1
DA:337,2
FN:337,GovernorAlpha.getActions
FNDA:2,GovernorAlpha.getActions
DA:349,2
DA:350,2
DA:353,1
FN:353,GovernorAlpha.getReceipt
FNDA:1,GovernorAlpha.getReceipt
DA:354,1
DA:357,62
FN:357,GovernorAlpha.state
FNDA:62,GovernorAlpha.state
DA:358,62
BRDA:358,16,0,62
BRDA:358,16,1,62
DA:362,62
DA:363,1
BRDA:363,17,0,1
BRDA:363,17,1,-
DA:364,1
DA:365,61
BRDA:365,18,0,7
BRDA:365,18,1,-
DA:366,7
DA:367,54
BRDA:367,19,0,22
BRDA:367,19,1,-
DA:368,22
DA:369,32
BRDA:369,20,0,2
BRDA:369,20,1,-
DA:370,2
DA:371,30
BRDA:371,21,0,11
BRDA:371,21,1,-
DA:372,11
DA:373,6
BRDA:373,22,0,6
BRDA:373,22,1,-
DA:374,6
DA:375,13
BRDA:375,23,0,-
BRDA:375,23,1,-
DA:376,0
DA:378,13
DA:382,19
FN:382,GovernorAlpha.castVote
FNDA:19,GovernorAlpha.castVote
DA:383,19
DA:386,1
FN:386,GovernorAlpha.proposer
FNDA:1,GovernorAlpha.proposer
DA:387,1
DA:390,19
FN:390,GovernorAlpha._castVote
FNDA:19,GovernorAlpha._castVote
DA:391,19
BRDA:391,24,0,-
BRDA:391,24,1,-
DA:395,17
DA:396,17
DA:397,17
BRDA:397,25,0,-
BRDA:397,25,1,-
DA:398,17
DA:400,14
BRDA:400,26,0,14
BRDA:400,26,1,2
DA:401,14
DA:403,2
DA:406,16
DA:407,16
DA:408,16
DA:410,16
DA:413,768
FN:413,GovernorAlpha.updateGovernanceParameters
FNDA:768,GovernorAlpha.updateGovernanceParameters
DA:418,768
BRDA:418,27,0,768
BRDA:418,27,1,512
DA:423,768
DA:424,768
DA:425,768
DA:428,21
FN:428,GovernorAlpha.__acceptAdmin
FNDA:21,GovernorAlpha.__acceptAdmin
DA:429,21
BRDA:429,28,0,-
BRDA:429,28,1,-
DA:433,13
DA:436,2
FN:436,GovernorAlpha.__abdicate
FNDA:2,GovernorAlpha.__abdicate
DA:437,2
BRDA:437,29,0,-
BRDA:437,29,1,-
DA:438,1
DA:441,1
FN:441,GovernorAlpha.__queueSetTimelockPendingAdmin
FNDA:1,GovernorAlpha.__queueSetTimelockPendingAdmin
DA:442,1
BRDA:442,30,0,-
BRDA:442,30,1,-
DA:446,1
DA:455,1
FN:455,GovernorAlpha.__executeSetTimelockPendingAdmin
FNDA:1,GovernorAlpha.__executeSetTimelockPendingAdmin
DA:456,1
BRDA:456,31,0,-
BRDA:456,31,1,-
DA:460,1
DA:469,81
FN:469,GovernorAlpha.add256
FNDA:81,GovernorAlpha.add256
DA:470,81
DA:471,81
BRDA:471,32,0,-
BRDA:471,32,1,-
DA:472,0
DA:475,29
FN:475,GovernorAlpha.sub256
FNDA:29,GovernorAlpha.sub256
DA:476,29
BRDA:476,33,0,-
BRDA:476,33,1,-
DA:477,29
DA:480,0
FN:480,GovernorAlpha.getChainId
FNDA:0,GovernorAlpha.getChainId
DA:481,0
DA:483,0
DA:485,0
FNF:22
FNH:21
LF:157
LH:151
BRF:67
BRH:18
end_of_record
TN:
SF:src/Governance/PCE.sol
DA:9,22
FN:9,PCE.initialize
FNDA:22,PCE.initialize
DA:10,22
DA:11,22
DA:14,74
FN:14,PCE.mint
FNDA:74,PCE.mint
DA:15,74
FNF:2
FNH:2
LF:5
LH:5
BRF:0
BRH:0
end_of_record
TN:
SF:src/Governance/PEACECOINDAO_GOVERNOR.sol
DA:125,11
FN:125,PEACECOINDAO_GOVERNOR.initialize
FNDA:11,PEACECOINDAO_GOVERNOR.initialize
DA:136,11
BRDA:136,0,0,-
BRDA:136,0,1,-
DA:137,11
DA:139,11
DA:140,11
DA:141,11
DA:142,11
DA:143,11
DA:144,11
DA:145,11
DA:146,11
DA:147,11
DA:148,11
DA:151,12
FN:151,PEACECOINDAO_GOVERNOR.propose
FNDA:12,PEACECOINDAO_GOVERNOR.propose
DA:158,12
BRDA:158,1,0,12
BRDA:158,1,1,-
DA:164,10
BRDA:164,2,0,10
BRDA:164,2,1,10
DA:170,8
BRDA:170,3,0,-
BRDA:170,3,1,-
DA:171,6
BRDA:171,4,0,-
BRDA:171,4,1,-
DA:173,4
DA:174,4
BRDA:174,5,0,2
DA:175,2
DA:176,2
BRDA:176,6,0,-
BRDA:176,6,1,-
DA:180,2
BRDA:180,7,0,-
BRDA:180,7,1,-
DA:186,2
DA:187,2
DA:189,2
DA:190,2
DA:191,2
DA:193,2
BRDA:193,8,0,-
BRDA:193,8,1,-
DA:194,2
DA:195,2
DA:196,2
DA:197,2
DA:198,2
DA:199,2
DA:200,2
DA:201,2
DA:202,2
DA:203,2
DA:204,2
DA:205,2
DA:206,2
DA:207,2
DA:209,2
DA:211,2
DA:222,2
DA:225,0
FN:225,PEACECOINDAO_GOVERNOR.batchQueue
FNDA:0,PEACECOINDAO_GOVERNOR.batchQueue
DA:226,0
DA:227,0
BRDA:227,9,0,-
BRDA:227,9,1,-
DA:231,0
DA:232,0
DA:233,0
DA:234,0
DA:242,0
DA:243,0
DA:247,0
FN:247,PEACECOINDAO_GOVERNOR.queue
FNDA:0,PEACECOINDAO_GOVERNOR.queue
DA:248,0
BRDA:248,10,0,-
BRDA:248,10,1,-
DA:252,0
DA:253,0
DA:254,0
DA:255,0
DA:263,0
DA:264,0
DA:267,0
FN:267,PEACECOINDAO_GOVERNOR._queueOrRevert
FNDA:0,PEACECOINDAO_GOVERNOR._queueOrRevert
DA:274,0
BRDA:274,11,0,-
BRDA:274,11,1,-
DA:280,0
DA:283,0
FN:283,PEACECOINDAO_GOVERNOR.batchExecute
FNDA:0,PEACECOINDAO_GOVERNOR.batchExecute
DA:284,0
DA:285,0
BRDA:285,12,0,-
BRDA:285,12,1,-
DA:289,0
DA:290,0
DA:291,0
DA:292,0
DA:300,0
DA:304,0
FN:304,PEACECOINDAO_GOVERNOR.execute
FNDA:0,PEACECOINDAO_GOVERNOR.execute
DA:305,0
BRDA:305,13,0,-
BRDA:305,13,1,-
DA:309,0
DA:310,0
DA:311,0
DA:312,0
DA:320,0
DA:323,2
FN:323,PEACECOINDAO_GOVERNOR.cancel
FNDA:2,PEACECOINDAO_GOVERNOR.cancel
DA:324,2
DA:325,2
BRDA:325,14,0,-
BRDA:325,14,1,-
DA:330,2
DA:331,2
BRDA:331,15,0,1
BRDA:331,15,1,-
DA:339,1
DA:340,1
DA:341,1
DA:350,1
DA:353,0
FN:353,PEACECOINDAO_GOVERNOR.getActions
FNDA:0,PEACECOINDAO_GOVERNOR.getActions
DA:365,0
DA:366,0
DA:369,0
FN:369,PEACECOINDAO_GOVERNOR.getReceipt
FNDA:0,PEACECOINDAO_GOVERNOR.getReceipt
DA:370,0
DA:373,5
FN:373,PEACECOINDAO_GOVERNOR.state
FNDA:5,PEACECOINDAO_GOVERNOR.state
DA:374,5
BRDA:374,16,0,5
BRDA:374,16,1,5
DA:378,5
DA:379,1
BRDA:379,17,0,1
BRDA:379,17,1,-
DA:380,1
DA:381,4
BRDA:381,18,0,4
BRDA:381,18,1,-
DA:382,4
DA:383,0
BRDA:383,19,0,-
BRDA:383,19,1,-
DA:384,0
DA:385,0
BRDA:385,20,0,-
BRDA:385,20,1,-
DA:386,0
DA:387,0
BRDA:387,21,0,-
BRDA:387,21,1,-
DA:388,0
DA:389,0
BRDA:389,22,0,-
BRDA:389,22,1,-
DA:390,0
DA:391,0
BRDA:391,23,0,-
BRDA:391,23,1,-
DA:392,0
DA:394,0
DA:398,0
FN:398,PEACECOINDAO_GOVERNOR.castVote
FNDA:0,PEACECOINDAO_GOVERNOR.castVote
DA:399,0
DA:402,0
FN:402,PEACECOINDAO_GOVERNOR.proposer
FNDA:0,PEACECOINDAO_GOVERNOR.proposer
DA:403,0
DA:406,0
FN:406,PEACECOINDAO_GOVERNOR._castVote
FNDA:0,PEACECOINDAO_GOVERNOR._castVote
DA:407,0
BRDA:407,24,0,-
BRDA:407,24,1,-
DA:408,0
DA:409,0
DA:410,0
BRDA:410,25,0,-
BRDA:410,25,1,-
DA:411,0
DA:412,0
DA:414,0
BRDA:414,26,0,-
BRDA:414,26,1,-
DA:415,0
DA:417,0
DA:420,0
DA:421,0
DA:422,0
DA:424,0
DA:427,0
FN:427,PEACECOINDAO_GOVERNOR.updateGovernanceParameters
FNDA:0,PEACECOINDAO_GOVERNOR.updateGovernanceParameters
DA:432,0
BRDA:432,27,0,-
BRDA:432,27,1,-
DA:437,0
DA:438,0
DA:439,0
DA:441,0
DA:442,0
DA:443,0
DA:446,4
FN:446,PEACECOINDAO_GOVERNOR.__acceptAdmin
FNDA:4,PEACECOINDAO_GOVERNOR.__acceptAdmin
DA:447,4
BRDA:447,28,0,-
BRDA:447,28,1,-
DA:448,2
DA:451,2
FN:451,PEACECOINDAO_GOVERNOR.__abdicate
FNDA:2,PEACECOINDAO_GOVERNOR.__abdicate
DA:452,2
BRDA:452,29,0,-
BRDA:452,29,1,-
DA:453,1
DA:456,0
FN:456,PEACECOINDAO_GOVERNOR.__queueSetTimelockPendingAdmin
FNDA:0,PEACECOINDAO_GOVERNOR.__queueSetTimelockPendingAdmin
DA:457,0
BRDA:457,30,0,-
BRDA:457,30,1,-
DA:461,0
DA:470,0
FN:470,PEACECOINDAO_GOVERNOR.__executeSetTimelockPendingAdmin
FNDA:0,PEACECOINDAO_GOVERNOR.__executeSetTimelockPendingAdmin
DA:471,0
BRDA:471,31,0,-
BRDA:471,31,1,-
DA:475,0
DA:484,4
FN:484,PEACECOINDAO_GOVERNOR.add256
FNDA:4,PEACECOINDAO_GOVERNOR.add256
DA:485,4
DA:486,4
BRDA:486,32,0,-
BRDA:486,32,1,-
DA:487,0
DA:490,26
FN:490,PEACECOINDAO_GOVERNOR.sub256
FNDA:26,PEACECOINDAO_GOVERNOR.sub256
DA:491,26
BRDA:491,33,0,-
BRDA:491,33,1,-
DA:492,26
DA:495,0
FN:495,PEACECOINDAO_GOVERNOR.getChainId
FNDA:0,PEACECOINDAO_GOVERNOR.getChainId
DA:496,0
DA:498,0
DA:500,0
FNF:22
FNH:8
LF:162
LH:74
BRF:67
BRH:9
end_of_record
TN:
SF:src/Governance/PEACECOINDAO_SBT.sol
DA:24,17
FN:24,PEACECOINDAO_SBT.initialize
FNDA:17,PEACECOINDAO_SBT.initialize
DA:29,17
DA:30,17
DA:31,17
DA:32,17
DA:33,17
DA:34,17
DA:53,0
FN:53,PEACECOINDAO_SBT.uri
FNDA:0,PEACECOINDAO_SBT.uri
DA:54,0
DA:58,90
FN:58,PEACECOINDAO_SBT.setTokenURI
FNDA:90,PEACECOINDAO_SBT.setTokenURI
DA:60,90
BRDA:60,0,0,-
BRDA:60,0,1,-
DA:62,90
DA:63,90
DA:64,90
DA:66,90
BRDA:66,1,0,77
DA:67,77
DA:70,90
DA:73,36
FN:73,PEACECOINDAO_SBT.mint
FNDA:36,PEACECOINDAO_SBT.mint
DA:75,36
BRDA:75,2,0,-
BRDA:75,2,1,-
DA:77,36
DA:78,36
DA:80,36
DA:81,36
BRDA:81,3,0,-
DA:82,0
DA:86,0
FN:86,PEACECOINDAO_SBT.revoke
FNDA:0,PEACECOINDAO_SBT.revoke
DA:87,0
DA:88,0
DA:91,4
FN:91,PEACECOINDAO_SBT.setMinter
FNDA:4,PEACECOINDAO_SBT.setMinter
DA:92,4
DA:95,0
FN:95,PEACECOINDAO_SBT.burn
FNDA:0,PEACECOINDAO_SBT.burn
DA:96,0
BRDA:96,4,0,-
BRDA:96,4,1,-
DA:98,0
DA:99,0
DA:101,0
DA:102,0
BRDA:102,5,0,-
DA:103,0
DA:108,35
FN:108,PEACECOINDAO_SBT.delegate
FNDA:35,PEACECOINDAO_SBT.delegate
DA:109,35
DA:110,35
BRDA:110,6,0,-
BRDA:110,6,1,-
DA:112,35
DA:114,35
DA:115,35
DA:116,35
DA:117,266
DA:118,266
DA:119,266
DA:121,266
BRDA:121,7,0,35
DA:122,35
DA:126,35
BRDA:126,8,0,35
DA:127,35
BRDA:127,9,0,-
DA:128,35
DA:132,0
FN:132,PEACECOINDAO_SBT.delegateOf
FNDA:0,PEACECOINDAO_SBT.delegateOf
DA:133,0
DA:137,0
FN:137,PEACECOINDAO_SBT.getVotes
FNDA:0,PEACECOINDAO_SBT.getVotes
DA:138,0
DA:141,29
FN:141,PEACECOINDAO_SBT.getPastVotes
FNDA:29,PEACECOINDAO_SBT.getPastVotes
DA:143,29
BRDA:143,10,0,-
BRDA:143,10,1,-
DA:144,29
DA:147,0
FN:147,PEACECOINDAO_SBT.getAllTokenIds
FNDA:0,PEACECOINDAO_SBT.getAllTokenIds
DA:148,0
DA:149,0
DA:150,0
DA:151,0
DA:153,0
DA:156,0
FN:156,PEACECOINDAO_SBT.getAllTokenLength
FNDA:0,PEACECOINDAO_SBT.getAllTokenLength
DA:157,0
DA:161,35
FN:161,PEACECOINDAO_SBT._moveVotes
FNDA:35,PEACECOINDAO_SBT._moveVotes
DA:162,35
DA:164,35
BRDA:164,12,0,-
DA:165,0
DA:167,0
DA:169,35
BRDA:169,13,0,35
DA:170,35
DA:172,35
FNF:14
FNH:7
LF:74
LH:47
BRF:18
BRH:4
end_of_record
TN:
SF:src/Governance/Timelock.sol
DA:47,68
FN:47,Timelock.initialize
FNDA:68,Timelock.initialize
DA:48,68
DA:49,68
DA:50,68
DA:52,68
BRDA:52,0,0,-
BRDA:52,0,1,-
DA:53,67
BRDA:53,1,0,-
BRDA:53,1,1,-
DA:58,68
DA:59,68
DA:62,4
FN:62,Timelock.updateVariables
FNDA:4,Timelock.updateVariables
DA:63,4
BRDA:63,2,0,-
BRDA:63,2,1,-
DA:67,3
BRDA:67,3,0,-
BRDA:67,3,1,-
DA:71,2
BRDA:71,4,0,-
BRDA:71,4,1,-
DA:75,4
DA:76,4
DA:77,4
DA:80,6
FN:80,Timelock.setDelay
FNDA:6,Timelock.setDelay
DA:81,6
BRDA:81,5,0,-
BRDA:81,5,1,-
DA:82,5
BRDA:82,6,0,-
BRDA:82,6,1,-
DA:83,4
BRDA:83,7,0,-
BRDA:83,7,1,-
DA:87,6
DA:89,3
DA:92,17
FN:92,Timelock.acceptAdmin
FNDA:17,Timelock.acceptAdmin
DA:93,17
BRDA:93,8,0,-
BRDA:93,8,1,-
DA:97,16
DA:98,16
DA:100,16
DA:103,23
FN:103,Timelock.setPendingAdmin
FNDA:23,Timelock.setPendingAdmin
DA:104,23
BRDA:104,9,0,-
BRDA:104,9,1,-
DA:105,2
BRDA:105,10,0,2
BRDA:105,10,1,19
DA:106,2
BRDA:106,11,0,-
BRDA:106,11,1,-
DA:111,19
BRDA:111,12,0,-
BRDA:111,12,1,-
DA:115,17
DA:117,23
DA:119,17
DA:122,16
FN:122,Timelock.queueTransaction
FNDA:16,Timelock.queueTransaction
DA:129,16
BRDA:129,13,0,-
BRDA:129,13,1,-
DA:130,15
BRDA:130,14,0,-
BRDA:130,14,1,-
DA:135,14
DA:136,14
DA:138,16
DA:139,0
DA:142,4
FN:142,Timelock.cancelTransaction
FNDA:4,Timelock.cancelTransaction
DA:149,4
BRDA:149,15,0,-
BRDA:149,15,1,-
DA:151,3
DA:152,3
DA:154,4
DA:157,12
FN:157,Timelock.executeTransaction
FNDA:12,Timelock.executeTransaction
DA:164,12
BRDA:164,16,0,-
BRDA:164,16,1,-
DA:166,11
DA:167,11
BRDA:167,17,0,-
BRDA:167,17,1,-
DA:171,10
BRDA:171,18,0,-
BRDA:171,18,1,-
DA:175,10
BRDA:175,19,0,-
BRDA:175,19,1,-
DA:180,8
DA:182,8
DA:184,8
BRDA:184,20,0,1
BRDA:184,20,1,7
DA:185,1
DA:187,7
DA:191,8
DA:192,8
BRDA:192,21,0,-
BRDA:192,21,1,-
DA:194,12
DA:196,0
DA:199,26
FN:199,Timelock.getBlockTimestamp
FNDA:26,Timelock.getBlockTimestamp
DA:201,26
FNF:9
FNH:9
LF:63
LH:61
BRF:44
BRH:4
end_of_record
TN:
SF:src/Governance/WPCE.sol
DA:12,2
FN:12,WPCE.onlyMinter
FNDA:2,WPCE.onlyMinter
DA:13,2
BRDA:13,0,0,-
BRDA:13,0,1,-
DA:17,1
FN:17,WPCE.initialize
FNDA:1,WPCE.initialize
DA:18,1
DA:19,1
DA:22,2
FN:22,WPCE.mint
FNDA:2,WPCE.mint
DA:23,2
DA:26,2
FN:26,WPCE.burn
FNDA:2,WPCE.burn
DA:27,2
DA:30,1
FN:30,WPCE.addMinter
FNDA:1,WPCE.addMinter
DA:31,1
DA:34,0
FN:34,WPCE.removeMinter
FNDA:0,WPCE.removeMinter
DA:35,0
FNF:6
FNH:5
LF:13
LH:11
BRF:2
BRH:0
end_of_record
TN:
SF:src/SBT.sol
DA:35,3
FN:35,SBT.constructor
FNDA:3,SBT.constructor
DA:40,3
DA:41,3
DA:42,3
DA:43,3
DA:45,3
DA:53,0
FN:53,SBT.uri
FNDA:0,SBT.uri
DA:54,0
DA:62,0
FN:62,SBT.setTokenURI
FNDA:0,SBT.setTokenURI
DA:63,0
BRDA:63,0,0,-
BRDA:63,0,1,-
DA:64,0
DA:65,0
DA:72,0
FN:72,SBT.setBaseURI
FNDA:0,SBT.setBaseURI
DA:73,0
DA:82,2
FN:82,SBT.mint
FNDA:2,SBT.mint
DA:84,2
BRDA:84,1,0,-
BRDA:84,1,1,-
DA:85,2
BRDA:85,2,0,-
BRDA:85,2,1,-
DA:87,2
DA:88,2
BRDA:88,3,0,-
BRDA:88,3,1,2
DA:89,0
DA:90,0
DA:92,2
DA:95,2
DA:96,0
DA:103,0
FN:103,SBT.setMinter
FNDA:0,SBT.setMinter
DA:104,0
BRDA:104,4,0,-
BRDA:104,4,1,-
DA:105,0
DA:106,0
DA:113,0
FN:113,SBT.removeMinter
FNDA:0,SBT.removeMinter
DA:114,0
BRDA:114,5,0,-
BRDA:114,5,1,-
DA:115,0
DA:116,0
DA:125,0
FN:125,SBT.burn
FNDA:0,SBT.burn
DA:126,0
BRDA:126,6,0,-
BRDA:126,6,1,-
DA:127,0
BRDA:127,7,0,-
BRDA:127,7,1,-
DA:128,0
BRDA:128,8,0,-
BRDA:128,8,1,-
DA:130,0
DA:131,0
DA:138,2
FN:138,SBT.safeTransferFrom
FNDA:2,SBT.safeTransferFrom
DA:145,2
DA:152,0
FN:152,SBT.safeBatchTransferFrom
FNDA:0,SBT.safeBatchTransferFrom
DA:159,0
DA:166,0
FN:166,SBT.getCurrentTokenId
FNDA:0,SBT.getCurrentTokenId
DA:167,0
DA:174,0
FN:174,SBT.name
FNDA:0,SBT.name
DA:175,0
DA:182,0
FN:182,SBT.symbol
FNDA:0,SBT.symbol
DA:183,0
FNF:13
FNH:3
LF:48
LH:15
BRF:18
BRH:1
end_of_record
TN:
SF:src/SBTERC721.sol
DA:11,3
FN:11,SBTERC721.constructor
FNDA:3,SBTERC721.constructor
DA:12,3
DA:15,2
FN:15,SBTERC721.mint
FNDA:2,SBTERC721.mint
DA:16,2
BRDA:16,0,0,-
BRDA:16,0,1,-
DA:17,2
DA:20,0
FN:20,SBTERC721.setMinter
FNDA:0,SBTERC721.setMinter
DA:21,0
DA:24,2
FN:24,SBTERC721.transferFrom
FNDA:2,SBTERC721.transferFrom
DA:25,2
FNF:4
FNH:3
LF:9
LH:7
BRF:2
BRH:0
end_of_record
TN:
SF:src/Staking.sol
DA:24,2
FN:24,Staking.updateRewardPool
FNDA:2,Staking.updateRewardPool
DA:25,2
BRDA:25,0,0,-
BRDA:25,0,1,-
DA:26,0
DA:28,2
DA:29,2
DA:30,2
DA:35,1
FN:35,Staking.initialize
FNDA:1,Staking.initialize
DA:36,1
DA:38,1
BRDA:38,1,0,-
BRDA:38,1,1,-
DA:39,1
BRDA:39,2,0,-
BRDA:39,2,1,-
DA:40,1
BRDA:40,3,0,-
BRDA:40,3,1,-
DA:42,1
DA:43,1
DA:45,1
DA:46,1
DA:49,2
FN:49,Staking.stake
FNDA:2,Staking.stake
DA:50,2
BRDA:50,4,0,-
BRDA:50,4,1,-
DA:53,2
DA:56,2
DA:58,2
DA:59,2
DA:61,2
DA:64,2
FN:64,Staking.withdraw
FNDA:2,Staking.withdraw
DA:65,2
BRDA:65,5,0,2
BRDA:65,5,1,-
DA:70,2
DA:71,2
BRDA:71,6,0,-
BRDA:71,6,1,-
DA:73,2
DA:75,2
DA:76,2
BRDA:76,7,0,2
BRDA:76,7,1,-
DA:80,2
DA:82,2
DA:85,0
FN:85,Staking.stakingReward
FNDA:0,Staking.stakingReward
DA:86,0
DA:89,2
FN:89,Staking.getStakedPEACECOIN
FNDA:2,Staking.getStakedPEACECOIN
DA:90,2
DA:91,2
DA:94,0
FN:94,Staking.setRewardPerBlock
FNDA:0,Staking.setRewardPerBlock
DA:95,0
DA:98,0
FN:98,Staking.revokeUnusedRewardPool
FNDA:0,Staking.revokeUnusedRewardPool
DA:99,0
DA:101,0
BRDA:101,8,0,-
BRDA:101,8,1,-
DA:103,0
DA:105,0
DA:106,0
DA:109,2
FN:109,Staking._convertToWPEACECOIN
FNDA:2,Staking._convertToWPEACECOIN
DA:110,2
DA:111,2
DA:112,2
DA:115,2
BRDA:115,9,0,2
DA:116,2
DA:119,0
DA:122,4
FN:122,Staking._convertToPEACECOIN
FNDA:4,Staking._convertToPEACECOIN
DA:123,4
DA:124,4
DA:125,4
DA:128,4
BRDA:128,10,0,-
DA:129,0
DA:132,4
DA:135,8
FN:135,Staking._calculateReward
FNDA:8,Staking._calculateReward
DA:136,8
DA:137,0
DA:140,8
BRDA:140,11,0,-
DA:141,0
DA:144,8
DA:146,8
BRDA:146,12,0,-
DA:147,0
DA:148,0
DA:150,8
DA:153,0
FN:153,Staking._calculateAPR
FNDA:0,Staking._calculateAPR
DA:154,0
DA:156,0
BRDA:156,13,0,-
DA:157,0
DA:159,0
DA:160,0
DA:161,0
DA:162,0
DA:163,0
DA:164,0
FNF:12
FNH:8
LF:78
LH:51
BRF:23
BRH:3
end_of_record
TN:
SF:test/ContractFactory.t.sol
DA:11,0
FN:11,Example.deployNewContract
FNDA:0,Example.deployNewContract
FNF:1
FNH:0
LF:1
LH:0
BRF:0
BRH:0
end_of_record
TN:
SF:test/DaoFactory.t.sol
DA:14,0
FN:14,Example.deployNewContract
FNDA:0,Example.deployNewContract
DA:19,2
FN:19,DaoFactoryDeployable.deployPublic
FNDA:2,DaoFactoryDeployable.deployPublic
DA:20,2
FNF:2
FNH:1
LF:3
LH:2
BRF:0
BRH:0
end_of_record
TN:
SF:test/Timelock.t.sol
DA:11,1
FN:11,PublicTimelock.getBlockTimestampPublic
FNDA:1,PublicTimelock.getBlockTimestampPublic
DA:12,1
FNF:1
FNH:1
LF:2
LH:2
BRF:0
BRH:0
end_of_record
